[2023-11-14T08:15:47.339+0000] {taskinstance.py:1157} INFO - Dependencies all met for dep_context=non-requeueable deps ti=<TaskInstance: covid_data_dag_postgres.wrangle_cases_deaths manual__2023-11-14T08:15:33.035039+00:00 [queued]>
[2023-11-14T08:15:47.368+0000] {taskinstance.py:1157} INFO - Dependencies all met for dep_context=requeueable deps ti=<TaskInstance: covid_data_dag_postgres.wrangle_cases_deaths manual__2023-11-14T08:15:33.035039+00:00 [queued]>
[2023-11-14T08:15:47.369+0000] {taskinstance.py:1359} INFO - Starting attempt 1 of 2
[2023-11-14T08:15:47.427+0000] {taskinstance.py:1380} INFO - Executing <Task(PythonOperator): wrangle_cases_deaths> on 2023-11-14 08:15:33.035039+00:00
[2023-11-14T08:15:47.436+0000] {standard_task_runner.py:57} INFO - Started process 805 to run task
[2023-11-14T08:15:47.443+0000] {standard_task_runner.py:84} INFO - Running: ['***', 'tasks', 'run', 'covid_data_dag_postgres', 'wrangle_cases_deaths', 'manual__2023-11-14T08:15:33.035039+00:00', '--job-id', '910', '--raw', '--subdir', 'DAGS_FOLDER/Dag_postgres.py', '--cfg-path', '/tmp/tmpri849vq8']
[2023-11-14T08:15:47.461+0000] {standard_task_runner.py:85} INFO - Job 910: Subtask wrangle_cases_deaths
[2023-11-14T08:15:49.005+0000] {task_command.py:415} INFO - Running <TaskInstance: covid_data_dag_postgres.wrangle_cases_deaths manual__2023-11-14T08:15:33.035039+00:00 [running]> on host 172.21.0.4
[2023-11-14T08:15:49.943+0000] {taskinstance.py:1660} INFO - Exporting env vars: AIRFLOW_CTX_DAG_OWNER='***' AIRFLOW_CTX_DAG_ID='covid_data_dag_postgres' AIRFLOW_CTX_TASK_ID='wrangle_cases_deaths' AIRFLOW_CTX_EXECUTION_DATE='2023-11-14T08:15:33.035039+00:00' AIRFLOW_CTX_TRY_NUMBER='1' AIRFLOW_CTX_DAG_RUN_ID='manual__2023-11-14T08:15:33.035039+00:00'
[2023-11-14T08:15:55.632+0000] {logging_mixin.py:151} INFO - Formatting date…
[2023-11-14T08:15:55.853+0000] {logging_mixin.py:151} INFO - Discarding rows…
[2023-11-14T08:15:57.135+0000] {taskinstance.py:1935} ERROR - Task failed with exception
Traceback (most recent call last):
  File "/home/airflow/.local/lib/python3.8/site-packages/pandas/core/indexes/base.py", line 3653, in get_loc
    return self._engine.get_loc(casted_key)
  File "pandas/_libs/index.pyx", line 147, in pandas._libs.index.IndexEngine.get_loc
  File "pandas/_libs/index.pyx", line 176, in pandas._libs.index.IndexEngine.get_loc
  File "pandas/_libs/hashtable_class_helper.pxi", line 7080, in pandas._libs.hashtable.PyObjectHashTable.get_item
  File "pandas/_libs/hashtable_class_helper.pxi", line 7088, in pandas._libs.hashtable.PyObjectHashTable.get_item
KeyError: 'new_cases'

The above exception was the direct cause of the following exception:

Traceback (most recent call last):
  File "/home/airflow/.local/lib/python3.8/site-packages/airflow/operators/python.py", line 192, in execute
    return_value = self.execute_callable()
  File "/home/airflow/.local/lib/python3.8/site-packages/airflow/operators/python.py", line 209, in execute_callable
    return self.python_callable(*self.op_args, **self.op_kwargs)
  File "/opt/airflow/dags/Dag_postgres.py", line 128, in wrangle_cases_deaths
    df = _per_capita(df, ["new_cases", "new_deaths", "total_cases",
  File "/opt/airflow/dags/Dag_postgres.py", line 116, in _per_capita
    series = df[measure] / (df["population"] / 1e6)
  File "/home/airflow/.local/lib/python3.8/site-packages/pandas/core/frame.py", line 3761, in __getitem__
    indexer = self.columns.get_loc(key)
  File "/home/airflow/.local/lib/python3.8/site-packages/pandas/core/indexes/base.py", line 3655, in get_loc
    raise KeyError(key) from err
KeyError: 'new_cases'
[2023-11-14T08:15:57.224+0000] {taskinstance.py:1398} INFO - Marking task as UP_FOR_RETRY. dag_id=covid_data_dag_postgres, task_id=wrangle_cases_deaths, execution_date=20231114T081533, start_date=20231114T081547, end_date=20231114T081557
[2023-11-14T08:15:57.273+0000] {standard_task_runner.py:104} ERROR - Failed to execute job 910 for task wrangle_cases_deaths ('new_cases'; 805)
[2023-11-14T08:15:57.361+0000] {local_task_job_runner.py:228} INFO - Task exited with return code 1
[2023-11-14T08:15:57.688+0000] {taskinstance.py:2776} INFO - 0 downstream tasks scheduled from follow-on schedule check
