[2023-11-16T00:12:09.388+0000] {taskinstance.py:1157} INFO - Dependencies all met for dep_context=non-requeueable deps ti=<TaskInstance: covid_data_dag_postgres_plis.ingestion.download_government_measures scheduled__2023-11-15T00:00:00+00:00 [queued]>
[2023-11-16T00:12:09.403+0000] {taskinstance.py:1157} INFO - Dependencies all met for dep_context=requeueable deps ti=<TaskInstance: covid_data_dag_postgres_plis.ingestion.download_government_measures scheduled__2023-11-15T00:00:00+00:00 [queued]>
[2023-11-16T00:12:09.404+0000] {taskinstance.py:1359} INFO - Starting attempt 2 of 2
[2023-11-16T00:12:09.425+0000] {taskinstance.py:1380} INFO - Executing <Task(PythonOperator): ingestion.download_government_measures> on 2023-11-15 00:00:00+00:00
[2023-11-16T00:12:09.444+0000] {standard_task_runner.py:57} INFO - Started process 12742 to run task
[2023-11-16T00:12:09.455+0000] {standard_task_runner.py:84} INFO - Running: ['***', 'tasks', 'run', 'covid_data_dag_postgres_plis', 'ingestion.download_government_measures', 'scheduled__2023-11-15T00:00:00+00:00', '--job-id', '1101', '--raw', '--subdir', 'DAGS_FOLDER/Dag_postgres.py', '--cfg-path', '/tmp/tmpziskvbhs']
[2023-11-16T00:12:09.461+0000] {standard_task_runner.py:85} INFO - Job 1101: Subtask ingestion.download_government_measures
[2023-11-16T00:12:09.789+0000] {task_command.py:415} INFO - Running <TaskInstance: covid_data_dag_postgres_plis.ingestion.download_government_measures scheduled__2023-11-15T00:00:00+00:00 [running]> on host 172.21.0.9
[2023-11-16T00:12:09.791+0000] {warnings.py:109} WARNING - /home/***/.local/lib/python3.8/site-packages/***/settings.py:346: DeprecationWarning: The sql_engine_encoding option in [core] has been moved to the sql_engine_encoding option in [database] - the old setting has been used, but please update your config.
  engine_args["encoding"] = conf.get("database", "SQL_ENGINE_ENCODING", fallback="utf-8")

[2023-11-16T00:12:09.914+0000] {taskinstance.py:1660} INFO - Exporting env vars: AIRFLOW_CTX_DAG_OWNER='***' AIRFLOW_CTX_DAG_ID='covid_data_dag_postgres_plis' AIRFLOW_CTX_TASK_ID='ingestion.download_government_measures' AIRFLOW_CTX_EXECUTION_DATE='2023-11-15T00:00:00+00:00' AIRFLOW_CTX_TRY_NUMBER='2' AIRFLOW_CTX_DAG_RUN_ID='scheduled__2023-11-15T00:00:00+00:00'
[2023-11-16T00:12:09.929+0000] {taskinstance.py:1935} ERROR - Task failed with exception
Traceback (most recent call last):
  File "/home/airflow/.local/lib/python3.8/site-packages/urllib3/connection.py", line 174, in _new_conn
    conn = connection.create_connection(
  File "/home/airflow/.local/lib/python3.8/site-packages/urllib3/util/connection.py", line 72, in create_connection
    for res in socket.getaddrinfo(host, port, family, socket.SOCK_STREAM):
  File "/usr/local/lib/python3.8/socket.py", line 918, in getaddrinfo
    for res in _socket.getaddrinfo(host, port, family, type, proto, flags):
socket.gaierror: [Errno -2] Name or service not known

During handling of the above exception, another exception occurred:

Traceback (most recent call last):
  File "/home/airflow/.local/lib/python3.8/site-packages/urllib3/connectionpool.py", line 714, in urlopen
    httplib_response = self._make_request(
  File "/home/airflow/.local/lib/python3.8/site-packages/urllib3/connectionpool.py", line 403, in _make_request
    self._validate_conn(conn)
  File "/home/airflow/.local/lib/python3.8/site-packages/urllib3/connectionpool.py", line 1053, in _validate_conn
    conn.connect()
  File "/home/airflow/.local/lib/python3.8/site-packages/urllib3/connection.py", line 363, in connect
    self.sock = conn = self._new_conn()
  File "/home/airflow/.local/lib/python3.8/site-packages/urllib3/connection.py", line 186, in _new_conn
    raise NewConnectionError(
urllib3.exceptions.NewConnectionError: <urllib3.connection.HTTPSConnection object at 0x7f72a9711670>: Failed to establish a new connection: [Errno -2] Name or service not known

During handling of the above exception, another exception occurred:

Traceback (most recent call last):
  File "/home/airflow/.local/lib/python3.8/site-packages/requests/adapters.py", line 486, in send
    resp = conn.urlopen(
  File "/home/airflow/.local/lib/python3.8/site-packages/urllib3/connectionpool.py", line 798, in urlopen
    retries = retries.increment(
  File "/home/airflow/.local/lib/python3.8/site-packages/urllib3/util/retry.py", line 592, in increment
    raise MaxRetryError(_pool, url, error or ResponseError(cause))
urllib3.exceptions.MaxRetryError: HTTPSConnectionPool(host='raw.githubusercontent.com', port=443): Max retries exceeded with url: /OxCGRT/covid-policy-dataset/main/data/OxCGRT_compact_national_v1.csv (Caused by NewConnectionError('<urllib3.connection.HTTPSConnection object at 0x7f72a9711670>: Failed to establish a new connection: [Errno -2] Name or service not known'))

During handling of the above exception, another exception occurred:

Traceback (most recent call last):
  File "/home/airflow/.local/lib/python3.8/site-packages/airflow/operators/python.py", line 192, in execute
    return_value = self.execute_callable()
  File "/home/airflow/.local/lib/python3.8/site-packages/airflow/operators/python.py", line 209, in execute_callable
    return self.python_callable(*self.op_args, **self.op_kwargs)
  File "/opt/airflow/dags/Dag_postgres.py", line 76, in _download_government_measures
    response = requests.get(government_measures)
  File "/home/airflow/.local/lib/python3.8/site-packages/requests/api.py", line 73, in get
    return request("get", url, params=params, **kwargs)
  File "/home/airflow/.local/lib/python3.8/site-packages/requests/api.py", line 59, in request
    return session.request(method=method, url=url, **kwargs)
  File "/home/airflow/.local/lib/python3.8/site-packages/requests/sessions.py", line 589, in request
    resp = self.send(prep, **send_kwargs)
  File "/home/airflow/.local/lib/python3.8/site-packages/requests/sessions.py", line 703, in send
    r = adapter.send(request, **kwargs)
  File "/home/airflow/.local/lib/python3.8/site-packages/requests/adapters.py", line 519, in send
    raise ConnectionError(e, request=request)
requests.exceptions.ConnectionError: HTTPSConnectionPool(host='raw.githubusercontent.com', port=443): Max retries exceeded with url: /OxCGRT/covid-policy-dataset/main/data/OxCGRT_compact_national_v1.csv (Caused by NewConnectionError('<urllib3.connection.HTTPSConnection object at 0x7f72a9711670>: Failed to establish a new connection: [Errno -2] Name or service not known'))
[2023-11-16T00:12:09.968+0000] {taskinstance.py:1398} INFO - Marking task as FAILED. dag_id=covid_data_dag_postgres_plis, task_id=ingestion.download_government_measures, execution_date=20231115T000000, start_date=20231116T001209, end_date=20231116T001209
[2023-11-16T00:12:09.992+0000] {standard_task_runner.py:104} ERROR - Failed to execute job 1101 for task ingestion.download_government_measures (HTTPSConnectionPool(host='raw.githubusercontent.com', port=443): Max retries exceeded with url: /OxCGRT/covid-policy-dataset/main/data/OxCGRT_compact_national_v1.csv (Caused by NewConnectionError('<urllib3.connection.HTTPSConnection object at 0x7f72a9711670>: Failed to establish a new connection: [Errno -2] Name or service not known')); 12742)
[2023-11-16T00:12:10.029+0000] {local_task_job_runner.py:228} INFO - Task exited with return code 1
[2023-11-16T00:12:10.335+0000] {taskinstance.py:2776} INFO - 0 downstream tasks scheduled from follow-on schedule check
