[2023-11-13T16:48:46.326+0000] {taskinstance.py:1157} INFO - Dependencies all met for dep_context=non-requeueable deps ti=<TaskInstance: covid_data_dag_postgres.download_population_data manual__2023-11-13T16:47:40.013412+00:00 [queued]>
[2023-11-13T16:48:46.357+0000] {taskinstance.py:1157} INFO - Dependencies all met for dep_context=requeueable deps ti=<TaskInstance: covid_data_dag_postgres.download_population_data manual__2023-11-13T16:47:40.013412+00:00 [queued]>
[2023-11-13T16:48:46.358+0000] {taskinstance.py:1359} INFO - Starting attempt 2 of 2
[2023-11-13T16:48:46.394+0000] {taskinstance.py:1380} INFO - Executing <Task(PythonOperator): download_population_data> on 2023-11-13 16:47:40.013412+00:00
[2023-11-13T16:48:46.406+0000] {standard_task_runner.py:57} INFO - Started process 583 to run task
[2023-11-13T16:48:46.424+0000] {standard_task_runner.py:84} INFO - Running: ['***', 'tasks', 'run', 'covid_data_dag_postgres', 'download_population_data', 'manual__2023-11-13T16:47:40.013412+00:00', '--job-id', '827', '--raw', '--subdir', 'DAGS_FOLDER/Dag_postgres.py', '--cfg-path', '/tmp/tmpi5z44_ft']
[2023-11-13T16:48:46.444+0000] {standard_task_runner.py:85} INFO - Job 827: Subtask download_population_data
[2023-11-13T16:48:46.552+0000] {task_command.py:415} INFO - Running <TaskInstance: covid_data_dag_postgres.download_population_data manual__2023-11-13T16:47:40.013412+00:00 [running]> on host 172.21.0.9
[2023-11-13T16:48:46.723+0000] {taskinstance.py:1660} INFO - Exporting env vars: AIRFLOW_CTX_DAG_OWNER='***' AIRFLOW_CTX_DAG_ID='covid_data_dag_postgres' AIRFLOW_CTX_TASK_ID='download_population_data' AIRFLOW_CTX_EXECUTION_DATE='2023-11-13T16:47:40.013412+00:00' AIRFLOW_CTX_TRY_NUMBER='2' AIRFLOW_CTX_DAG_RUN_ID='manual__2023-11-13T16:47:40.013412+00:00'
[2023-11-13T16:48:54.176+0000] {taskinstance.py:1935} ERROR - Task failed with exception
Traceback (most recent call last):
  File "/home/airflow/.local/lib/python3.8/site-packages/pandas/core/indexes/base.py", line 3653, in get_loc
    return self._engine.get_loc(casted_key)
  File "pandas/_libs/index.pyx", line 147, in pandas._libs.index.IndexEngine.get_loc
  File "pandas/_libs/index.pyx", line 176, in pandas._libs.index.IndexEngine.get_loc
  File "pandas/_libs/hashtable_class_helper.pxi", line 7080, in pandas._libs.hashtable.PyObjectHashTable.get_item
  File "pandas/_libs/hashtable_class_helper.pxi", line 7088, in pandas._libs.hashtable.PyObjectHashTable.get_item
KeyError: 'YR2022'

The above exception was the direct cause of the following exception:

Traceback (most recent call last):
  File "/home/airflow/.local/lib/python3.8/site-packages/airflow/operators/python.py", line 192, in execute
    return_value = self.execute_callable()
  File "/home/airflow/.local/lib/python3.8/site-packages/airflow/operators/python.py", line 209, in execute_callable
    return self.python_callable(*self.op_args, **self.op_kwargs)
  File "/opt/airflow/dags/Dag_postgres.py", line 60, in download_population_data
    data_reshaped["YR2023"] = data_reshaped["YR2022"]
  File "/home/airflow/.local/lib/python3.8/site-packages/pandas/core/frame.py", line 3761, in __getitem__
    indexer = self.columns.get_loc(key)
  File "/home/airflow/.local/lib/python3.8/site-packages/pandas/core/indexes/base.py", line 3655, in get_loc
    raise KeyError(key) from err
KeyError: 'YR2022'
[2023-11-13T16:48:54.200+0000] {taskinstance.py:1398} INFO - Marking task as FAILED. dag_id=covid_data_dag_postgres, task_id=download_population_data, execution_date=20231113T164740, start_date=20231113T164846, end_date=20231113T164854
[2023-11-13T16:48:54.220+0000] {standard_task_runner.py:104} ERROR - Failed to execute job 827 for task download_population_data ('YR2022'; 583)
[2023-11-13T16:48:54.263+0000] {local_task_job_runner.py:228} INFO - Task exited with return code 1
[2023-11-13T16:48:54.295+0000] {taskinstance.py:2776} INFO - 0 downstream tasks scheduled from follow-on schedule check
